2018-03-20 05:12:38.250+0000 WARN [o.n.i.p.PageCache] The dbms.memory.pagecache.size setting has not been configured. It is recommended that this setting is always explicitly configured, to ensure the system has a balanced configuration. Until then, a computed heuristic value of 6442450944 bytes will be used instead. Run `neo4j-admin memrec` for memory configuration suggestions.
2018-03-20 05:12:38.623+0000 INFO [o.n.k.i.f.CommunityEditionModule] No locking implementation specified, defaulting to 'community'
2018-03-20 05:12:38.785+0000 INFO [o.n.k.AvailabilityGuard] Requirement makes database unavailable: Database available
2018-03-20 05:12:38.804+0000 INFO [o.n.k.i.DiagnosticsManager] --- INITIALIZED diagnostics START ---
2018-03-20 05:12:38.805+0000 INFO [o.n.k.i.DiagnosticsManager] Neo4j Kernel properties:
2018-03-20 05:12:38.805+0000 INFO [o.n.k.i.DiagnosticsManager] dbms.connector.http.enabled=true
2018-03-20 05:12:38.805+0000 INFO [o.n.k.i.DiagnosticsManager] unsupported.dbms.edition=community
2018-03-20 05:12:38.805+0000 INFO [o.n.k.i.DiagnosticsManager] dbms.security.auth_enabled=true
2018-03-20 05:12:38.805+0000 INFO [o.n.k.i.DiagnosticsManager] dbms.windows_service_name=neo4j
2018-03-20 05:12:38.805+0000 INFO [o.n.k.i.DiagnosticsManager] dbms.connector.bolt.enabled=true
2018-03-20 05:12:38.805+0000 INFO [o.n.k.i.DiagnosticsManager] unsupported.dbms.directories.neo4j_home=/Users/patrick/code/pmhj.xyz/neo4j
2018-03-20 05:12:38.805+0000 INFO [o.n.k.i.DiagnosticsManager] dbms.connector.https.enabled=true
2018-03-20 05:12:38.805+0000 INFO [o.n.k.i.DiagnosticsManager] dbms.jvm.additional=-Dunsupported.dbms.udc.source=tarball
2018-03-20 05:12:38.806+0000 INFO [o.n.k.i.DiagnosticsManager] dbms.directories.import=import
2018-03-20 05:12:38.806+0000 INFO [o.n.k.i.DiagnosticsManager] dbms.tx_log.rotation.retention_policy=1 days
2018-03-20 05:12:38.806+0000 INFO [o.n.k.i.DiagnosticsManager] Diagnostics providers:
2018-03-20 05:12:38.806+0000 INFO [o.n.k.i.DiagnosticsManager] org.neo4j.kernel.configuration.Config
2018-03-20 05:12:38.806+0000 INFO [o.n.k.i.DiagnosticsManager] org.neo4j.kernel.info.DiagnosticsManager
2018-03-20 05:12:38.806+0000 INFO [o.n.k.i.DiagnosticsManager] SYSTEM_MEMORY
2018-03-20 05:12:38.806+0000 INFO [o.n.k.i.DiagnosticsManager] JAVA_MEMORY
2018-03-20 05:12:38.806+0000 INFO [o.n.k.i.DiagnosticsManager] OPERATING_SYSTEM
2018-03-20 05:12:38.806+0000 INFO [o.n.k.i.DiagnosticsManager] JAVA_VIRTUAL_MACHINE
2018-03-20 05:12:38.806+0000 INFO [o.n.k.i.DiagnosticsManager] CLASSPATH
2018-03-20 05:12:38.806+0000 INFO [o.n.k.i.DiagnosticsManager] LIBRARY_PATH
2018-03-20 05:12:38.806+0000 INFO [o.n.k.i.DiagnosticsManager] SYSTEM_PROPERTIES
2018-03-20 05:12:38.806+0000 INFO [o.n.k.i.DiagnosticsManager] NETWORK
2018-03-20 05:12:38.807+0000 INFO [o.n.k.i.DiagnosticsManager] System memory information:
2018-03-20 05:12:38.811+0000 INFO [o.n.k.i.DiagnosticsManager] Total Physical memory: 16.00 GB
2018-03-20 05:12:38.812+0000 INFO [o.n.k.i.DiagnosticsManager] Free Physical memory: 31.36 MB
2018-03-20 05:12:38.813+0000 INFO [o.n.k.i.DiagnosticsManager] Committed virtual memory: 9.72 GB
2018-03-20 05:12:38.814+0000 INFO [o.n.k.i.DiagnosticsManager] Total swap space: 1.00 GB
2018-03-20 05:12:38.814+0000 INFO [o.n.k.i.DiagnosticsManager] Free swap space: 916.75 MB
2018-03-20 05:12:38.814+0000 INFO [o.n.k.i.DiagnosticsManager] JVM memory information:
2018-03-20 05:12:38.814+0000 INFO [o.n.k.i.DiagnosticsManager] Free  memory: 235.64 MB
2018-03-20 05:12:38.815+0000 INFO [o.n.k.i.DiagnosticsManager] Total memory: 256.00 MB
2018-03-20 05:12:38.815+0000 INFO [o.n.k.i.DiagnosticsManager] Max   memory: 4.00 GB
2018-03-20 05:12:38.821+0000 INFO [o.n.k.i.DiagnosticsManager] Garbage Collector: G1 Young Generation: [G1 Eden Space, G1 Survivor Space]
2018-03-20 05:12:38.821+0000 INFO [o.n.k.i.DiagnosticsManager] Garbage Collector: G1 Old Generation: [G1 Eden Space, G1 Survivor Space, G1 Old Gen]
2018-03-20 05:12:38.823+0000 INFO [o.n.k.i.DiagnosticsManager] Memory Pool: Code Cache (Non-heap memory): committed=5.06 MB, used=5.03 MB, max=240.00 MB, threshold=0.00 B
2018-03-20 05:12:38.823+0000 INFO [o.n.k.i.DiagnosticsManager] Memory Pool: Metaspace (Non-heap memory): committed=13.75 MB, used=12.87 MB, max=-1.00 B, threshold=0.00 B
2018-03-20 05:12:38.823+0000 INFO [o.n.k.i.DiagnosticsManager] Memory Pool: Compressed Class Space (Non-heap memory): committed=2.00 MB, used=1.71 MB, max=1.00 GB, threshold=0.00 B
2018-03-20 05:12:38.823+0000 INFO [o.n.k.i.DiagnosticsManager] Memory Pool: G1 Eden Space (Heap memory): committed=156.00 MB, used=11.00 MB, max=-1.00 B, threshold=?
2018-03-20 05:12:38.823+0000 INFO [o.n.k.i.DiagnosticsManager] Memory Pool: G1 Survivor Space (Heap memory): committed=5.00 MB, used=5.00 MB, max=-1.00 B, threshold=?
2018-03-20 05:12:38.823+0000 INFO [o.n.k.i.DiagnosticsManager] Memory Pool: G1 Old Gen (Heap memory): committed=95.00 MB, used=3.85 MB, max=4.00 GB, threshold=0.00 B
2018-03-20 05:12:38.824+0000 INFO [o.n.k.i.DiagnosticsManager] Operating system information:
2018-03-20 05:12:38.825+0000 INFO [o.n.k.i.DiagnosticsManager] Operating System: Mac OS X; version: 10.13.3; arch: x86_64; cpus: 8
2018-03-20 05:12:38.826+0000 INFO [o.n.k.i.DiagnosticsManager] Max number of file descriptors: 10240
2018-03-20 05:12:38.826+0000 INFO [o.n.k.i.DiagnosticsManager] Number of open file descriptors: 101
2018-03-20 05:12:38.988+0000 INFO [o.n.k.i.DiagnosticsManager] Process id: 5812@Patricks-MacBook-Pro.local
2018-03-20 05:12:38.988+0000 INFO [o.n.k.i.DiagnosticsManager] Byte order: LITTLE_ENDIAN
2018-03-20 05:12:39.012+0000 INFO [o.n.k.i.DiagnosticsManager] Local timezone: America/Los_Angeles
2018-03-20 05:12:39.012+0000 INFO [o.n.k.i.DiagnosticsManager] JVM information:
2018-03-20 05:12:39.013+0000 INFO [o.n.k.i.DiagnosticsManager] VM Name: Java HotSpot(TM) 64-Bit Server VM
2018-03-20 05:12:39.013+0000 INFO [o.n.k.i.DiagnosticsManager] VM Vendor: Oracle Corporation
2018-03-20 05:12:39.013+0000 INFO [o.n.k.i.DiagnosticsManager] VM Version: 25.161-b12
2018-03-20 05:12:39.013+0000 INFO [o.n.k.i.DiagnosticsManager] JIT compiler: HotSpot 64-Bit Tiered Compilers
2018-03-20 05:12:39.015+0000 INFO [o.n.k.i.DiagnosticsManager] VM Arguments: [-XX:+UseG1GC, -XX:-OmitStackTraceInFastThrow, -XX:+AlwaysPreTouch, -XX:+UnlockExperimentalVMOptions, -XX:+TrustFinalNonStaticFields, -XX:+DisableExplicitGC, -Djdk.tls.ephemeralDHKeySize=2048, -Djdk.tls.rejectClientInitiatedRenegotiation=true, -Dunsupported.dbms.udc.source=tarball, -Dfile.encoding=UTF-8]
2018-03-20 05:12:39.015+0000 INFO [o.n.k.i.DiagnosticsManager] Java classpath:
2018-03-20 05:12:39.018+0000 INFO [o.n.k.i.DiagnosticsManager]  [classpath + loader.0] file:/Users/patrick/code/pmhj.xyz/neo4j/lib/neo4j-consistency-check-3.3.4.jar
2018-03-20 05:12:39.018+0000 INFO [o.n.k.i.DiagnosticsManager]  [classpath + loader.0] file:/Users/patrick/code/pmhj.xyz/neo4j/lib/neo4j-ssl-3.3.4.jar
2018-03-20 05:12:39.018+0000 INFO [o.n.k.i.DiagnosticsManager]  [loader.1] file:/Library/Java/JavaVirtualMachines/jdk1.8.0_161.jdk/Contents/Home/jre/lib/ext/sunjce_provider.jar
2018-03-20 05:12:39.018+0000 INFO [o.n.k.i.DiagnosticsManager]  [classpath + loader.0] file:/Users/patrick/code/pmhj.xyz/neo4j/lib/neo4j-cypher-compiler-2.3-2.3.12.jar
2018-03-20 05:12:39.018+0000 INFO [o.n.k.i.DiagnosticsManager]  [classpath + loader.0] file:/Users/patrick/code/pmhj.xyz/neo4j/lib/mimepull-1.9.3.jar
2018-03-20 05:12:39.018+0000 INFO [o.n.k.i.DiagnosticsManager]  [classpath + loader.0] file:/Users/patrick/code/pmhj.xyz/neo4j/lib/neo4j-browser-3.1.4.jar
2018-03-20 05:12:39.018+0000 INFO [o.n.k.i.DiagnosticsManager]  [classpath + loader.0] file:/Users/patrick/code/pmhj.xyz/neo4j/lib/neo4j-codegen-3.3.4.jar
2018-03-20 05:12:39.018+0000 INFO [o.n.k.i.DiagnosticsManager]  [loader.1] file:/Library/Java/JavaVirtualMachines/jdk1.8.0_161.jdk/Contents/Home/jre/lib/ext/localedata.jar
2018-03-20 05:12:39.018+0000 INFO [o.n.k.i.DiagnosticsManager]  [classpath + loader.0] file:/Users/patrick/code/pmhj.xyz/neo4j/lib/neo4j-kernel-3.3.4.jar
2018-03-20 05:12:39.019+0000 INFO [o.n.k.i.DiagnosticsManager]  [classpath + loader.0] file:/Users/patrick/code/pmhj.xyz/neo4j/lib/scala-reflect-2.11.12.jar
2018-03-20 05:12:39.019+0000 INFO [o.n.k.i.DiagnosticsManager]  [loader.1] file:/Library/Java/JavaVirtualMachines/jdk1.8.0_161.jdk/Contents/Home/jre/lib/ext/sunpkcs11.jar
2018-03-20 05:12:39.019+0000 INFO [o.n.k.i.DiagnosticsManager]  [classpath + loader.0] file:/Users/patrick/code/pmhj.xyz/neo4j/lib/jsr311-api-1.1.2.r612.jar
2018-03-20 05:12:39.019+0000 INFO [o.n.k.i.DiagnosticsManager]  [classpath + loader.0] file:/Users/patrick/code/pmhj.xyz/neo4j/lib/commons-lang3-3.5.jar
2018-03-20 05:12:39.019+0000 INFO [o.n.k.i.DiagnosticsManager]  [classpath + loader.0] file:/Users/patrick/code/pmhj.xyz/neo4j/lib/commons-io-2.4.jar
2018-03-20 05:12:39.019+0000 INFO [o.n.k.i.DiagnosticsManager]  [bootstrap] /Library/Java/JavaVirtualMachines/jdk1.8.0_161.jdk/Contents/Home/jre/lib/rt.jar
2018-03-20 05:12:39.019+0000 INFO [o.n.k.i.DiagnosticsManager]  [classpath + loader.0] file:/Users/patrick/code/pmhj.xyz/neo4j/lib/bcpkix-jdk15on-1.53.jar
2018-03-20 05:12:39.019+0000 INFO [o.n.k.i.DiagnosticsManager]  [classpath + loader.0] file:/Users/patrick/code/pmhj.xyz/neo4j/lib/neo4j-graph-matching-3.1.6.jar
2018-03-20 05:12:39.019+0000 INFO [o.n.k.i.DiagnosticsManager]  [classpath + loader.0] file:/Users/patrick/code/pmhj.xyz/neo4j/lib/parboiled-scala_2.11-1.1.7.jar
2018-03-20 05:12:39.019+0000 INFO [o.n.k.i.DiagnosticsManager]  [classpath + loader.0] file:/Users/patrick/code/pmhj.xyz/neo4j/lib/bcprov-jdk15on-1.53.jar
2018-03-20 05:12:39.019+0000 INFO [o.n.k.i.DiagnosticsManager]  [classpath + loader.0] file:/Users/patrick/code/pmhj.xyz/neo4j/lib/neo4j-cypher-frontend-3.3-3.3.4.jar
2018-03-20 05:12:39.019+0000 INFO [o.n.k.i.DiagnosticsManager]  [classpath + loader.0] file:/Users/patrick/code/pmhj.xyz/neo4j/lib/neo4j-cypher-frontend-3.2-3.2.9.jar
2018-03-20 05:12:39.019+0000 INFO [o.n.k.i.DiagnosticsManager]  [loader.1] file:/Library/Java/JavaVirtualMachines/jdk1.8.0_161.jdk/Contents/Home/jre/lib/ext/sunec.jar
2018-03-20 05:12:39.019+0000 INFO [o.n.k.i.DiagnosticsManager]  [bootstrap] /Library/Java/JavaVirtualMachines/jdk1.8.0_161.jdk/Contents/Home/jre/lib/sunrsasign.jar
2018-03-20 05:12:39.019+0000 INFO [o.n.k.i.DiagnosticsManager]  [classpath + loader.0] file:/Users/patrick/code/pmhj.xyz/neo4j/lib/javax.servlet-api-3.1.0.jar
2018-03-20 05:12:39.020+0000 INFO [o.n.k.i.DiagnosticsManager]  [classpath + loader.0] file:/Users/patrick/code/pmhj.xyz/neo4j/lib/server-api-3.3.4.jar
2018-03-20 05:12:39.020+0000 INFO [o.n.k.i.DiagnosticsManager]  [classpath + loader.0] file:/Users/patrick/code/pmhj.xyz/neo4j/lib/neo4j-unsafe-3.3.4.jar
2018-03-20 05:12:39.020+0000 INFO [o.n.k.i.DiagnosticsManager]  [bootstrap] /Library/Java/JavaVirtualMachines/jdk1.8.0_161.jdk/Contents/Home/jre/classes
2018-03-20 05:12:39.020+0000 INFO [o.n.k.i.DiagnosticsManager]  [classpath + loader.0] file:/Users/patrick/code/pmhj.xyz/neo4j/lib/neo4j-cypher-frontend-2.3-2.3.12.jar
2018-03-20 05:12:39.020+0000 INFO [o.n.k.i.DiagnosticsManager]  [classpath + loader.0] file:/Users/patrick/code/pmhj.xyz/neo4j/lib/neo4j-index-3.3.4.jar
2018-03-20 05:12:39.020+0000 INFO [o.n.k.i.DiagnosticsManager]  [classpath + loader.0] file:/Users/patrick/code/pmhj.xyz/neo4j/lib/neo4j-cypher-ir-3.2-3.2.9.jar
2018-03-20 05:12:39.020+0000 INFO [o.n.k.i.DiagnosticsManager]  [classpath + loader.0] file:/Users/patrick/code/pmhj.xyz/neo4j/lib/neo4j-graph-algo-3.3.4.jar
2018-03-20 05:12:39.020+0000 INFO [o.n.k.i.DiagnosticsManager]  [classpath + loader.0] file:/Users/patrick/code/pmhj.xyz/neo4j/lib/neo4j-values-3.3.4.jar
2018-03-20 05:12:39.020+0000 INFO [o.n.k.i.DiagnosticsManager]  [classpath + loader.0] file:/Users/patrick/code/pmhj.xyz/neo4j/lib/neo4j-security-3.3.4.jar
2018-03-20 05:12:39.020+0000 INFO [o.n.k.i.DiagnosticsManager]  [classpath + loader.0] file:/Users/patrick/code/pmhj.xyz/neo4j/lib/commons-text-1.1.jar
2018-03-20 05:12:39.020+0000 INFO [o.n.k.i.DiagnosticsManager]  [classpath + loader.0] file:/Users/patrick/code/pmhj.xyz/neo4j/lib/neo4j-graphdb-api-3.3.4.jar
2018-03-20 05:12:39.020+0000 INFO [o.n.k.i.DiagnosticsManager]  [classpath + loader.0] file:/Users/patrick/code/pmhj.xyz/neo4j/plugins/*
2018-03-20 05:12:39.020+0000 INFO [o.n.k.i.DiagnosticsManager]  [classpath + loader.0] file:/Users/patrick/code/pmhj.xyz/neo4j/lib/neo4j-cypher-compiler-3.2-3.2.9.jar
2018-03-20 05:12:39.020+0000 INFO [o.n.k.i.DiagnosticsManager]  [classpath + loader.0] file:/Users/patrick/code/pmhj.xyz/neo4j/lib/lucene-codecs-5.5.0.jar
2018-03-20 05:12:39.020+0000 INFO [o.n.k.i.DiagnosticsManager]  [classpath + loader.0] file:/Users/patrick/code/pmhj.xyz/neo4j/lib/neo4j-cypher-logical-plans-3.3-3.3.4.jar
2018-03-20 05:12:39.020+0000 INFO [o.n.k.i.DiagnosticsManager]  [classpath + loader.0] file:/Users/patrick/code/pmhj.xyz/neo4j/lib/lucene-analyzers-common-5.5.0.jar
2018-03-20 05:12:39.020+0000 INFO [o.n.k.i.DiagnosticsManager]  [loader.1] file:/Library/Java/JavaVirtualMachines/jdk1.8.0_161.jdk/Contents/Home/jre/lib/ext/nashorn.jar
2018-03-20 05:12:39.020+0000 INFO [o.n.k.i.DiagnosticsManager]  [classpath + loader.0] file:/Users/patrick/code/pmhj.xyz/neo4j/lib/neo4j-collections-3.3.4.jar
2018-03-20 05:12:39.021+0000 INFO [o.n.k.i.DiagnosticsManager]  [classpath + loader.0] file:/Users/patrick/code/pmhj.xyz/neo4j/lib/jline-2.12.jar
2018-03-20 05:12:39.021+0000 INFO [o.n.k.i.DiagnosticsManager]  [classpath + loader.0] file:/Users/patrick/code/pmhj.xyz/neo4j/lib/jersey-core-1.19.jar
2018-03-20 05:12:39.021+0000 INFO [o.n.k.i.DiagnosticsManager]  [classpath + loader.0] file:/Users/patrick/code/pmhj.xyz/neo4j/plugins/
2018-03-20 05:12:39.021+0000 INFO [o.n.k.i.DiagnosticsManager]  [classpath + loader.0] file:/Users/patrick/code/pmhj.xyz/neo4j/lib/neo4j-lucene-index-3.3.4.jar
2018-03-20 05:12:39.021+0000 INFO [o.n.k.i.DiagnosticsManager]  [loader.1] file:/Library/Java/JavaVirtualMachines/jdk1.8.0_161.jdk/Contents/Home/jre/lib/ext/cldrdata.jar
2018-03-20 05:12:39.021+0000 INFO [o.n.k.i.DiagnosticsManager]  [classpath + loader.0] file:/Users/patrick/code/pmhj.xyz/neo4j/lib/neo4j-cypher-ir-3.3-3.3.4.jar
2018-03-20 05:12:39.021+0000 INFO [o.n.k.i.DiagnosticsManager]  [classpath + loader.0] file:/Users/patrick/code/pmhj.xyz/neo4j/lib/jackson-core-asl-1.9.13.jar
2018-03-20 05:12:39.021+0000 INFO [o.n.k.i.DiagnosticsManager]  [loader.1] file:/Library/Java/JavaVirtualMachines/jdk1.8.0_161.jdk/Contents/Home/jre/lib/ext/jaccess.jar
2018-03-20 05:12:39.021+0000 INFO [o.n.k.i.DiagnosticsManager]  [classpath + loader.0] file:/Users/patrick/code/pmhj.xyz/neo4j/lib/scala-library-2.11.12.jar
2018-03-20 05:12:39.021+0000 INFO [o.n.k.i.DiagnosticsManager]  [classpath + loader.0] file:/Users/patrick/code/pmhj.xyz/neo4j/lib/jersey-servlet-1.19.jar
2018-03-20 05:12:39.021+0000 INFO [o.n.k.i.DiagnosticsManager]  [classpath + loader.0] file:/Users/patrick/code/pmhj.xyz/neo4j/lib/neo4j-cypher-compiler-3.3-3.3.4.jar
2018-03-20 05:12:39.021+0000 INFO [o.n.k.i.DiagnosticsManager]  [bootstrap] /Library/Java/JavaVirtualMachines/jdk1.8.0_161.jdk/Contents/Home/jre/lib/jfr.jar
2018-03-20 05:12:39.021+0000 INFO [o.n.k.i.DiagnosticsManager]  [bootstrap] /Library/Java/JavaVirtualMachines/jdk1.8.0_161.jdk/Contents/Home/jre/lib/jsse.jar
2018-03-20 05:12:39.021+0000 INFO [o.n.k.i.DiagnosticsManager]  [classpath + loader.0] file:/Users/patrick/code/pmhj.xyz/neo4j/lib/jersey-server-1.19.jar
2018-03-20 05:12:39.021+0000 INFO [o.n.k.i.DiagnosticsManager]  [bootstrap] /Library/Java/JavaVirtualMachines/jdk1.8.0_161.jdk/Contents/Home/jre/lib/charsets.jar
2018-03-20 05:12:39.021+0000 INFO [o.n.k.i.DiagnosticsManager]  [classpath + loader.0] file:/Users/patrick/code/pmhj.xyz/neo4j/lib/commons-compress-1.12.jar
2018-03-20 05:12:39.021+0000 INFO [o.n.k.i.DiagnosticsManager]  [classpath + loader.0] file:/Users/patrick/code/pmhj.xyz/neo4j/lib/commons-configuration-1.10.jar
2018-03-20 05:12:39.021+0000 INFO [o.n.k.i.DiagnosticsManager]  [classpath + loader.0] file:/Users/patrick/code/pmhj.xyz/neo4j/lib/jackson-jaxrs-1.9.13.jar
2018-03-20 05:12:39.021+0000 INFO [o.n.k.i.DiagnosticsManager]  [classpath + loader.0] file:/Users/patrick/code/pmhj.xyz/neo4j/lib/jackson-mapper-asl-1.9.13.jar
2018-03-20 05:12:39.022+0000 INFO [o.n.k.i.DiagnosticsManager]  [classpath + loader.0] file:/Users/patrick/code/pmhj.xyz/neo4j/lib/jetty-server-9.2.22.v20170606.jar
2018-03-20 05:12:39.022+0000 INFO [o.n.k.i.DiagnosticsManager]  [loader.1] file:/Library/Java/JavaVirtualMachines/jdk1.8.0_161.jdk/Contents/Home/jre/lib/ext/dnsns.jar
2018-03-20 05:12:39.022+0000 INFO [o.n.k.i.DiagnosticsManager]  [classpath + loader.0] file:/Users/patrick/code/pmhj.xyz/neo4j/lib/jetty-util-9.2.22.v20170606.jar
2018-03-20 05:12:39.022+0000 INFO [o.n.k.i.DiagnosticsManager]  [classpath + loader.0] file:/Users/patrick/code/pmhj.xyz/neo4j/lib/lucene-core-5.5.0.jar
2018-03-20 05:12:39.022+0000 INFO [o.n.k.i.DiagnosticsManager]  [classpath + loader.0] file:/Users/patrick/code/pmhj.xyz/neo4j/lib/neo4j-resource-3.3.4.jar
2018-03-20 05:12:39.022+0000 INFO [o.n.k.i.DiagnosticsManager]  [classpath + loader.0] file:/Users/patrick/code/pmhj.xyz/neo4j/lib/neo4j-shell-3.3.4.jar
2018-03-20 05:12:39.022+0000 INFO [o.n.k.i.DiagnosticsManager]  [classpath + loader.0] file:/Users/patrick/code/pmhj.xyz/neo4j/lib/neo4j-cypher-3.3.4.jar
2018-03-20 05:12:39.022+0000 INFO [o.n.k.i.DiagnosticsManager]  [classpath + loader.0] file:/Users/patrick/code/pmhj.xyz/neo4j/lib/neo4j-common-3.3.4.jar
2018-03-20 05:12:39.022+0000 INFO [o.n.k.i.DiagnosticsManager]  [classpath + loader.0] file:/Users/patrick/code/pmhj.xyz/neo4j/lib/jetty-webapp-9.2.22.v20170606.jar
2018-03-20 05:12:39.022+0000 INFO [o.n.k.i.DiagnosticsManager]  [classpath + loader.0] file:/Users/patrick/code/pmhj.xyz/neo4j/lib/commons-logging-1.1.1.jar
2018-03-20 05:12:39.022+0000 INFO [o.n.k.i.DiagnosticsManager]  [loader.1] file:/System/Library/Java/Extensions/MRJToolkit.jar
2018-03-20 05:12:39.022+0000 INFO [o.n.k.i.DiagnosticsManager]  [classpath + loader.0] file:/Users/patrick/code/pmhj.xyz/neo4j/lib/neo4j-cypher-frontend-3.1-3.1.6.jar
2018-03-20 05:12:39.022+0000 INFO [o.n.k.i.DiagnosticsManager]  [classpath + loader.0] file:/Users/patrick/code/pmhj.xyz/neo4j/lib/opencsv-2.3.jar
2018-03-20 05:12:39.022+0000 INFO [o.n.k.i.DiagnosticsManager]  [classpath + loader.0] file:/Users/patrick/code/pmhj.xyz/neo4j/lib/neo4j-server-3.3.4.jar
2018-03-20 05:12:39.022+0000 INFO [o.n.k.i.DiagnosticsManager]  [bootstrap] /Library/Java/JavaVirtualMachines/jdk1.8.0_161.jdk/Contents/Home/jre/lib/jce.jar
2018-03-20 05:12:39.022+0000 INFO [o.n.k.i.DiagnosticsManager]  [loader.1] file:/Library/Java/JavaVirtualMachines/jdk1.8.0_161.jdk/Contents/Home/jre/lib/ext/zipfs.jar
2018-03-20 05:12:39.022+0000 INFO [o.n.k.i.DiagnosticsManager]  [classpath + loader.0] file:/Users/patrick/code/pmhj.xyz/neo4j/lib/netty-all-4.1.21.Final.jar
2018-03-20 05:12:39.023+0000 INFO [o.n.k.i.DiagnosticsManager]  [classpath + loader.0] file:/Users/patrick/code/pmhj.xyz/neo4j/lib/caffeine-2.3.3.jar
2018-03-20 05:12:39.023+0000 INFO [o.n.k.i.DiagnosticsManager]  [classpath + loader.0] file:/Users/patrick/code/pmhj.xyz/neo4j/lib/neo4j-primitive-collections-3.3.4.jar
2018-03-20 05:12:39.023+0000 INFO [o.n.k.i.DiagnosticsManager]  [classpath + loader.0] file:/Users/patrick/code/pmhj.xyz/neo4j/lib/jetty-servlet-9.2.22.v20170606.jar
2018-03-20 05:12:39.023+0000 INFO [o.n.k.i.DiagnosticsManager]  [classpath + loader.0] file:/Users/patrick/code/pmhj.xyz/neo4j/lib/jersey-multipart-1.19.jar
2018-03-20 05:12:39.023+0000 INFO [o.n.k.i.DiagnosticsManager]  [classpath + loader.0] file:/Users/patrick/code/pmhj.xyz/neo4j/lib/lucene-queryparser-5.5.0.jar
2018-03-20 05:12:39.023+0000 INFO [o.n.k.i.DiagnosticsManager]  [classpath + loader.0] file:/Users/patrick/code/pmhj.xyz/neo4j/lib/jetty-io-9.2.22.v20170606.jar
2018-03-20 05:12:39.023+0000 INFO [o.n.k.i.DiagnosticsManager]  [classpath + loader.0] file:/Users/patrick/code/pmhj.xyz/neo4j/conf/
2018-03-20 05:12:39.023+0000 INFO [o.n.k.i.DiagnosticsManager]  [classpath + loader.0] file:/Users/patrick/code/pmhj.xyz/neo4j/lib/neo4j-bolt-3.3.4.jar
2018-03-20 05:12:39.023+0000 INFO [o.n.k.i.DiagnosticsManager]  [classpath + loader.0] file:/Users/patrick/code/pmhj.xyz/neo4j/lib/jetty-http-9.2.22.v20170606.jar
2018-03-20 05:12:39.023+0000 INFO [o.n.k.i.DiagnosticsManager]  [classpath + loader.0] file:/Users/patrick/code/pmhj.xyz/neo4j/lib/neo4j-logging-3.3.4.jar
2018-03-20 05:12:39.023+0000 INFO [o.n.k.i.DiagnosticsManager]  [classpath + loader.0] file:/Users/patrick/code/pmhj.xyz/neo4j/lib/neo4j-csv-3.3.4.jar
2018-03-20 05:12:39.023+0000 INFO [o.n.k.i.DiagnosticsManager]  [loader.1] file:/Library/Java/JavaVirtualMachines/jdk1.8.0_161.jdk/Contents/Home/jre/lib/ext/jfxrt.jar
2018-03-20 05:12:39.023+0000 INFO [o.n.k.i.DiagnosticsManager]  [bootstrap] /Library/Java/JavaVirtualMachines/jdk1.8.0_161.jdk/Contents/Home/jre/lib/resources.jar
2018-03-20 05:12:39.023+0000 INFO [o.n.k.i.DiagnosticsManager]  [classpath + loader.0] file:/Users/patrick/code/pmhj.xyz/neo4j/lib/neo4j-jmx-3.3.4.jar
2018-03-20 05:12:39.023+0000 INFO [o.n.k.i.DiagnosticsManager]  [classpath + loader.0] file:/Users/patrick/code/pmhj.xyz/neo4j/lib/rhino-1.7R4.jar
2018-03-20 05:12:39.023+0000 INFO [o.n.k.i.DiagnosticsManager]  [classpath + loader.0] file:/Users/patrick/code/pmhj.xyz/neo4j/lib/neo4j-udc-3.3.4.jar
2018-03-20 05:12:39.023+0000 INFO [o.n.k.i.DiagnosticsManager]  [classpath + loader.0] file:/Users/patrick/code/pmhj.xyz/neo4j/lib/commons-lang-2.6.jar
2018-03-20 05:12:39.023+0000 INFO [o.n.k.i.DiagnosticsManager]  [classpath + loader.0] file:/Users/patrick/code/pmhj.xyz/neo4j/lib/neo4j-dbms-3.3.4.jar
2018-03-20 05:12:39.023+0000 INFO [o.n.k.i.DiagnosticsManager]  [classpath + loader.0] file:/Users/patrick/code/pmhj.xyz/neo4j/lib/parboiled-core-1.1.7.jar
2018-03-20 05:12:39.023+0000 INFO [o.n.k.i.DiagnosticsManager]  [classpath + loader.0] file:/Users/patrick/code/pmhj.xyz/neo4j/lib/neo4j-configuration-3.3.4.jar
2018-03-20 05:12:39.024+0000 INFO [o.n.k.i.DiagnosticsManager]  [classpath + loader.0] file:/Users/patrick/code/pmhj.xyz/neo4j/lib/jetty-security-9.2.22.v20170606.jar
2018-03-20 05:12:39.024+0000 INFO [o.n.k.i.DiagnosticsManager]  [classpath + loader.0] file:/Users/patrick/code/pmhj.xyz/neo4j/lib/neo4j-import-tool-3.3.4.jar
2018-03-20 05:12:39.024+0000 INFO [o.n.k.i.DiagnosticsManager]  [classpath + loader.0] file:/Users/patrick/code/pmhj.xyz/neo4j/lib/neo4j-lucene-upgrade-3.3.4.jar
2018-03-20 05:12:39.024+0000 INFO [o.n.k.i.DiagnosticsManager]  [classpath + loader.0] file:/Users/patrick/code/pmhj.xyz/neo4j/lib/neo4j-command-line-3.3.4.jar
2018-03-20 05:12:39.024+0000 INFO [o.n.k.i.DiagnosticsManager]  [classpath + loader.0] file:/Users/patrick/code/pmhj.xyz/neo4j/lib/neo4j-io-3.3.4.jar
2018-03-20 05:12:39.024+0000 INFO [o.n.k.i.DiagnosticsManager]  [classpath + loader.0] file:/Users/patrick/code/pmhj.xyz/neo4j/lib/concurrentlinkedhashmap-lru-1.4.2.jar
2018-03-20 05:12:39.024+0000 INFO [o.n.k.i.DiagnosticsManager]  [classpath + loader.0] file:/Users/patrick/code/pmhj.xyz/neo4j/lib/jetty-xml-9.2.22.v20170606.jar
2018-03-20 05:12:39.024+0000 INFO [o.n.k.i.DiagnosticsManager]  [classpath + loader.0] file:/Users/patrick/code/pmhj.xyz/neo4j/lib/neo4j-cypher-compiler-3.1-3.1.6.jar
2018-03-20 05:12:39.024+0000 INFO [o.n.k.i.DiagnosticsManager] Library path:
2018-03-20 05:12:39.024+0000 INFO [o.n.k.i.DiagnosticsManager] /Users/patrick/Library/Java/Extensions
2018-03-20 05:12:39.024+0000 INFO [o.n.k.i.DiagnosticsManager] /Library/Java/Extensions
2018-03-20 05:12:39.024+0000 INFO [o.n.k.i.DiagnosticsManager] /Network/Library/Java/Extensions
2018-03-20 05:12:39.024+0000 INFO [o.n.k.i.DiagnosticsManager] /System/Library/Java/Extensions
2018-03-20 05:12:39.025+0000 INFO [o.n.k.i.DiagnosticsManager] /usr/lib/java
2018-03-20 05:12:39.025+0000 INFO [o.n.k.i.DiagnosticsManager] /Users/patrick/code/pmhj.xyz
2018-03-20 05:12:39.025+0000 INFO [o.n.k.i.DiagnosticsManager] System.properties:
2018-03-20 05:12:39.026+0000 INFO [o.n.k.i.DiagnosticsManager] sun.boot.library.path = /Library/Java/JavaVirtualMachines/jdk1.8.0_161.jdk/Contents/Home/jre/lib
2018-03-20 05:12:39.026+0000 INFO [o.n.k.i.DiagnosticsManager] jdk.tls.rejectClientInitiatedRenegotiation = true
2018-03-20 05:12:39.026+0000 INFO [o.n.k.i.DiagnosticsManager] gopherProxySet = false
2018-03-20 05:12:39.026+0000 INFO [o.n.k.i.DiagnosticsManager] path.separator = :
2018-03-20 05:12:39.026+0000 INFO [o.n.k.i.DiagnosticsManager] file.encoding.pkg = sun.io
2018-03-20 05:12:39.026+0000 INFO [o.n.k.i.DiagnosticsManager] user.country = US
2018-03-20 05:12:39.026+0000 INFO [o.n.k.i.DiagnosticsManager] sun.java.launcher = SUN_STANDARD
2018-03-20 05:12:39.026+0000 INFO [o.n.k.i.DiagnosticsManager] sun.os.patch.level = unknown
2018-03-20 05:12:39.026+0000 INFO [o.n.k.i.DiagnosticsManager] user.dir = /Users/patrick/code/pmhj.xyz
2018-03-20 05:12:39.026+0000 INFO [o.n.k.i.DiagnosticsManager] sun.jnu.encoding = UTF-8
2018-03-20 05:12:39.026+0000 INFO [o.n.k.i.DiagnosticsManager] unsupported.dbms.udc.source = tarball
2018-03-20 05:12:39.026+0000 INFO [o.n.k.i.DiagnosticsManager] sun.management.compiler = HotSpot 64-Bit Tiered Compilers
2018-03-20 05:12:39.026+0000 INFO [o.n.k.i.DiagnosticsManager] http.nonProxyHosts = local|*.local|169.254/16|*.169.254/16
2018-03-20 05:12:39.026+0000 INFO [o.n.k.i.DiagnosticsManager] user.home = /Users/patrick
2018-03-20 05:12:39.026+0000 INFO [o.n.k.i.DiagnosticsManager] user.timezone = America/Los_Angeles
2018-03-20 05:12:39.026+0000 INFO [o.n.k.i.DiagnosticsManager] file.encoding = UTF-8
2018-03-20 05:12:39.027+0000 INFO [o.n.k.i.DiagnosticsManager] user.name = patrick
2018-03-20 05:12:39.027+0000 INFO [o.n.k.i.DiagnosticsManager] sun.java.command = org.neo4j.server.CommunityEntryPoint --home-dir=/Users/patrick/code/pmhj.xyz/neo4j --config-dir=/Users/patrick/code/pmhj.xyz/neo4j/conf
2018-03-20 05:12:39.027+0000 INFO [o.n.k.i.DiagnosticsManager] sun.arch.data.model = 64
2018-03-20 05:12:39.027+0000 INFO [o.n.k.i.DiagnosticsManager] user.language = en
2018-03-20 05:12:39.027+0000 INFO [o.n.k.i.DiagnosticsManager] awt.toolkit = sun.lwawt.macosx.LWCToolkit
2018-03-20 05:12:39.027+0000 INFO [o.n.k.i.DiagnosticsManager] jdk.tls.ephemeralDHKeySize = 2048
2018-03-20 05:12:39.027+0000 INFO [o.n.k.i.DiagnosticsManager] file.separator = /
2018-03-20 05:12:39.027+0000 INFO [o.n.k.i.DiagnosticsManager] sun.io.unicode.encoding = UnicodeBig
2018-03-20 05:12:39.027+0000 INFO [o.n.k.i.DiagnosticsManager] sun.cpu.endian = little
2018-03-20 05:12:39.027+0000 INFO [o.n.k.i.DiagnosticsManager] socksNonProxyHosts = local|*.local|169.254/16|*.169.254/16
2018-03-20 05:12:39.027+0000 INFO [o.n.k.i.DiagnosticsManager] ftp.nonProxyHosts = local|*.local|169.254/16|*.169.254/16
2018-03-20 05:12:39.027+0000 INFO [o.n.k.i.DiagnosticsManager] sun.cpu.isalist = 
2018-03-20 05:12:39.027+0000 INFO [o.n.k.i.DiagnosticsManager] Network information:
2018-03-20 05:12:39.033+0000 INFO [o.n.k.i.DiagnosticsManager] Interface en5:
2018-03-20 05:12:39.033+0000 INFO [o.n.k.i.DiagnosticsManager]     address: fe80:0:0:0:aede:48ff:fe00:1122%en5
2018-03-20 05:12:39.033+0000 INFO [o.n.k.i.DiagnosticsManager] Interface utun2:
2018-03-20 05:12:39.033+0000 INFO [o.n.k.i.DiagnosticsManager]     address: fe80:0:0:0:6172:3d66:47c9:9743%utun2
2018-03-20 05:12:39.034+0000 INFO [o.n.k.i.DiagnosticsManager] Interface utun1:
2018-03-20 05:12:39.034+0000 INFO [o.n.k.i.DiagnosticsManager]     address: fe80:0:0:0:e154:6bc5:ff90:9c04%utun1
2018-03-20 05:12:39.034+0000 INFO [o.n.k.i.DiagnosticsManager] Interface utun0:
2018-03-20 05:12:39.034+0000 INFO [o.n.k.i.DiagnosticsManager]     address: fe80:0:0:0:5fe:69af:e1bf:ee83%utun0
2018-03-20 05:12:39.034+0000 INFO [o.n.k.i.DiagnosticsManager] Interface awdl0:
2018-03-20 05:12:39.034+0000 INFO [o.n.k.i.DiagnosticsManager]     address: fe80:0:0:0:d8cf:e6ff:fe85:38bb%awdl0
2018-03-20 05:12:39.034+0000 INFO [o.n.k.i.DiagnosticsManager] Interface en0:
2018-03-20 05:12:39.034+0000 INFO [o.n.k.i.DiagnosticsManager]     address: 2601:647:4700:cf8c:2cef:1517:409d:3f8f%en0
2018-03-20 05:12:39.034+0000 INFO [o.n.k.i.DiagnosticsManager]     address: 2601:647:4700:cf8c:1028:f95d:488d:2fb9%en0
2018-03-20 05:12:39.034+0000 INFO [o.n.k.i.DiagnosticsManager]     address: fde0:edc8:ae84:0:2057:50a8:5021:3c44%en0
2018-03-20 05:12:39.034+0000 INFO [o.n.k.i.DiagnosticsManager]     address: fde0:edc8:ae84:0:1c27:1c7a:190b:fcfe%en0
2018-03-20 05:12:39.034+0000 INFO [o.n.k.i.DiagnosticsManager]     address: fe80:0:0:0:1418:8ed4:7ea2:d582%en0
2018-03-20 05:12:39.034+0000 INFO [o.n.k.i.DiagnosticsManager]     address: 192.168.1.129
2018-03-20 05:12:39.034+0000 INFO [o.n.k.i.DiagnosticsManager] Interface lo0:
2018-03-20 05:12:39.034+0000 INFO [o.n.k.i.DiagnosticsManager]     address: fe80:0:0:0:0:0:0:1%lo0
2018-03-20 05:12:39.034+0000 INFO [o.n.k.i.DiagnosticsManager]     address: 0:0:0:0:0:0:0:1%lo0
2018-03-20 05:12:39.034+0000 INFO [o.n.k.i.DiagnosticsManager]     address: 127.0.0.1
2018-03-20 05:12:39.035+0000 INFO [o.n.k.i.DiagnosticsManager] --- INITIALIZED diagnostics END ---
2018-03-20 05:12:39.468+0000 INFO [o.n.b.v.r.WorkerFactory] Bolt Server extension loaded.
2018-03-20 05:12:39.469+0000 INFO [o.n.b.v.r.WorkerFactory] Bolt enabled on 127.0.0.1:7687.
2018-03-20 05:12:39.608+0000 INFO [o.n.k.i.s.f.RecordFormatSelector] Selected format 'RecordFormat:StandardV3_2[v0.A.8]' for the new store
2018-03-20 05:12:39.941+0000 INFO [o.n.k.i.a.i.IndexingService] IndexingService.init: indexes not specifically mentioned above are null
2018-03-20 05:12:39.943+0000 INFO [o.n.k.i.i.l.NativeLabelScanStore] No scan store found, this might just be first use. Preparing to rebuild.
2018-03-20 05:12:39.966+0000 INFO [o.n.k.NeoStoreDataSource] Opened logical log [/Users/patrick/code/pmhj.xyz/neo4j/data/databases/graph.db/neostore.transaction.db.0] version=0, lastTxId=1 (clean)
2018-03-20 05:12:39.966+0000 INFO [o.n.k.NeoStoreDataSource] No commits found after last check point (which is at <no log position given>)
2018-03-20 05:12:39.972+0000 WARN [o.n.k.i.s.MetaDataStore] Missing counts store, rebuilding it.
2018-03-20 05:12:40.112+0000 WARN [o.n.k.i.s.MetaDataStore] Counts store rebuild completed.
2018-03-20 05:12:40.127+0000 INFO [o.n.k.i.a.i.IndexingService] IndexingService.start: indexes not specifically mentioned above are null
2018-03-20 05:12:40.128+0000 INFO [o.n.k.i.i.l.NativeLabelScanStore] Rebuilding scan store, this may take a while
2018-03-20 05:12:40.137+0000 INFO [o.n.k.i.i.l.NativeLabelScanStore] Scan store rebuilt (roughly 0 nodes)
2018-03-20 05:12:40.140+0000 INFO [o.n.k.i.DatabaseHealth] Database health set to OK
2018-03-20 05:12:40.763+0000 INFO [o.n.k.AvailabilityGuard] Fulfilling of requirement makes database available: Database available
2018-03-20 05:12:40.764+0000 INFO [o.n.k.i.f.GraphDatabaseFacadeFactory] Database is now ready
2018-03-20 05:12:40.765+0000 INFO [o.n.k.i.DiagnosticsManager] --- STARTED diagnostics for KernelDiagnostics:Versions START ---
2018-03-20 05:12:40.765+0000 INFO [o.n.k.i.DiagnosticsManager] Graph Database: community single StoreId{creationTime=1521522759785, randomId=-2317844888717636171, storeVersion=15813456178476550, upgradeTime=1521522759785, upgradeId=1}
2018-03-20 05:12:40.765+0000 INFO [o.n.k.i.DiagnosticsManager] Kernel version: 3.3.4,a97930c567060dad961d7c06c8f225dcb15582f3
2018-03-20 05:12:40.765+0000 INFO [o.n.k.i.DiagnosticsManager] --- STARTED diagnostics for KernelDiagnostics:Versions END ---
2018-03-20 05:12:40.766+0000 INFO [o.n.k.i.DiagnosticsManager] --- STARTED diagnostics for NEO_STORE_VERSIONS START ---
2018-03-20 05:12:40.766+0000 INFO [o.n.k.i.DiagnosticsManager] Store versions:
2018-03-20 05:12:40.766+0000 INFO [o.n.k.i.DiagnosticsManager] Store versions:
2018-03-20 05:12:40.767+0000 INFO [o.n.k.i.DiagnosticsManager]   ArrayPropertyStore v0.A.8
2018-03-20 05:12:40.767+0000 INFO [o.n.k.i.DiagnosticsManager]   NodeStore v0.A.8
2018-03-20 05:12:40.767+0000 INFO [o.n.k.i.DiagnosticsManager]   StringPropertyStore v0.A.8
2018-03-20 05:12:40.767+0000 INFO [o.n.k.i.DiagnosticsManager]   PropertyIndexStore v0.A.8
2018-03-20 05:12:40.767+0000 INFO [o.n.k.i.DiagnosticsManager]   StringPropertyStore v0.A.8
2018-03-20 05:12:40.767+0000 INFO [o.n.k.i.DiagnosticsManager]   ArrayPropertyStore v0.A.8
2018-03-20 05:12:40.767+0000 INFO [o.n.k.i.DiagnosticsManager]   PropertyStore v0.A.8
2018-03-20 05:12:40.767+0000 INFO [o.n.k.i.DiagnosticsManager]   RelationshipStore v0.A.8
2018-03-20 05:12:40.768+0000 INFO [o.n.k.i.DiagnosticsManager]   StringPropertyStore v0.A.8
2018-03-20 05:12:40.768+0000 INFO [o.n.k.i.DiagnosticsManager]   RelationshipTypeStore v0.A.8
2018-03-20 05:12:40.768+0000 INFO [o.n.k.i.DiagnosticsManager]   StringPropertyStore v0.A.8
2018-03-20 05:12:40.768+0000 INFO [o.n.k.i.DiagnosticsManager]   LabelTokenStore v0.A.8
2018-03-20 05:12:40.768+0000 INFO [o.n.k.i.DiagnosticsManager]   SchemaStore v0.A.8
2018-03-20 05:12:40.768+0000 INFO [o.n.k.i.DiagnosticsManager]   RelationshipGroupStore v0.A.8
2018-03-20 05:12:40.768+0000 INFO [o.n.k.i.DiagnosticsManager]   NeoStore v0.A.8
2018-03-20 05:12:40.768+0000 INFO [o.n.k.i.DiagnosticsManager] --- STARTED diagnostics for NEO_STORE_VERSIONS END ---
2018-03-20 05:12:40.768+0000 INFO [o.n.k.i.DiagnosticsManager] --- STARTED diagnostics for NEO_STORE_ID_USAGE START ---
2018-03-20 05:12:40.768+0000 INFO [o.n.k.i.DiagnosticsManager] Id usage:
2018-03-20 05:12:40.769+0000 INFO [o.n.k.i.DiagnosticsManager] Id usage:
2018-03-20 05:12:40.769+0000 INFO [o.n.k.i.DiagnosticsManager]   ArrayPropertyStore: used=1 high=0
2018-03-20 05:12:40.769+0000 INFO [o.n.k.i.DiagnosticsManager]   NodeStore: used=0 high=-1
2018-03-20 05:12:40.769+0000 INFO [o.n.k.i.DiagnosticsManager]   StringPropertyStore: used=1 high=0
2018-03-20 05:12:40.769+0000 INFO [o.n.k.i.DiagnosticsManager]   PropertyIndexStore: used=0 high=-1
2018-03-20 05:12:40.769+0000 INFO [o.n.k.i.DiagnosticsManager]   StringPropertyStore: used=1 high=0
2018-03-20 05:12:40.769+0000 INFO [o.n.k.i.DiagnosticsManager]   ArrayPropertyStore: used=1 high=0
2018-03-20 05:12:40.769+0000 INFO [o.n.k.i.DiagnosticsManager]   PropertyStore: used=0 high=-1
2018-03-20 05:12:40.769+0000 INFO [o.n.k.i.DiagnosticsManager]   RelationshipStore: used=0 high=-1
2018-03-20 05:12:40.770+0000 INFO [o.n.k.i.DiagnosticsManager]   StringPropertyStore: used=1 high=0
2018-03-20 05:12:40.770+0000 INFO [o.n.k.i.DiagnosticsManager]   RelationshipTypeStore: used=0 high=-1
2018-03-20 05:12:40.770+0000 INFO [o.n.k.i.DiagnosticsManager]   StringPropertyStore: used=1 high=0
2018-03-20 05:12:40.770+0000 INFO [o.n.k.i.DiagnosticsManager]   LabelTokenStore: used=0 high=-1
2018-03-20 05:12:40.770+0000 INFO [o.n.k.i.DiagnosticsManager]   SchemaStore: used=1 high=0
2018-03-20 05:12:40.770+0000 INFO [o.n.k.i.DiagnosticsManager]   RelationshipGroupStore: used=1 high=0
2018-03-20 05:12:40.770+0000 INFO [o.n.k.i.DiagnosticsManager]   NeoStore: used=15 high=14
2018-03-20 05:12:40.770+0000 INFO [o.n.k.i.DiagnosticsManager] --- STARTED diagnostics for NEO_STORE_ID_USAGE END ---
2018-03-20 05:12:40.770+0000 INFO [o.n.k.i.DiagnosticsManager] --- STARTED diagnostics for NEO_STORE_RECORDS START ---
2018-03-20 05:12:40.770+0000 INFO [o.n.k.i.DiagnosticsManager] Neostore records:
2018-03-20 05:12:40.771+0000 INFO [o.n.k.i.DiagnosticsManager] TIME (Creation time): 1521522759785
2018-03-20 05:12:40.771+0000 INFO [o.n.k.i.DiagnosticsManager] RANDOM_NUMBER (Random number for store id): -2317844888717636171
2018-03-20 05:12:40.772+0000 INFO [o.n.k.i.DiagnosticsManager] LOG_VERSION (Current log version): 0
2018-03-20 05:12:40.772+0000 INFO [o.n.k.i.DiagnosticsManager] LAST_TRANSACTION_ID (Last committed transaction): 1
2018-03-20 05:12:40.772+0000 INFO [o.n.k.i.DiagnosticsManager] STORE_VERSION (Store format version): 15813456178476550
2018-03-20 05:12:40.772+0000 INFO [o.n.k.i.DiagnosticsManager] FIRST_GRAPH_PROPERTY (First property record containing graph properties): -1
2018-03-20 05:12:40.772+0000 INFO [o.n.k.i.DiagnosticsManager] LAST_CONSTRAINT_TRANSACTION (Last committed transaction containing constraint changes): 0
2018-03-20 05:12:40.772+0000 INFO [o.n.k.i.DiagnosticsManager] UPGRADE_TRANSACTION_ID (Transaction id most recent upgrade was performed at): 1
2018-03-20 05:12:40.772+0000 INFO [o.n.k.i.DiagnosticsManager] UPGRADE_TIME (Time of last upgrade): 1521522759785
2018-03-20 05:12:40.772+0000 INFO [o.n.k.i.DiagnosticsManager] LAST_TRANSACTION_CHECKSUM (Checksum of last committed transaction): 0
2018-03-20 05:12:40.772+0000 INFO [o.n.k.i.DiagnosticsManager] UPGRADE_TRANSACTION_CHECKSUM (Checksum of transaction id the most recent upgrade was performed at): 0
2018-03-20 05:12:40.773+0000 INFO [o.n.k.i.DiagnosticsManager] LAST_CLOSED_TRANSACTION_LOG_VERSION (Log version where the last transaction commit entry has been written into): 0
2018-03-20 05:12:40.773+0000 INFO [o.n.k.i.DiagnosticsManager] LAST_CLOSED_TRANSACTION_LOG_BYTE_OFFSET (Byte offset in the log file where the last transaction commit entry has been written into): 16
2018-03-20 05:12:40.773+0000 INFO [o.n.k.i.DiagnosticsManager] LAST_TRANSACTION_COMMIT_TIMESTAMP (Commit time timestamp for last committed transaction): 0
2018-03-20 05:12:40.773+0000 INFO [o.n.k.i.DiagnosticsManager] UPGRADE_TRANSACTION_COMMIT_TIMESTAMP (Commit timestamp of transaction the most recent upgrade was performed at): 0
2018-03-20 05:12:40.773+0000 INFO [o.n.k.i.DiagnosticsManager] --- STARTED diagnostics for NEO_STORE_RECORDS END ---
2018-03-20 05:12:40.774+0000 INFO [o.n.k.i.DiagnosticsManager] --- STARTED diagnostics for TRANSACTION_RANGE START ---
2018-03-20 05:12:40.774+0000 INFO [o.n.k.i.DiagnosticsManager] Transaction log:
2018-03-20 05:12:40.775+0000 INFO [o.n.k.i.DiagnosticsManager] No transactions found in any log
2018-03-20 05:12:40.775+0000 INFO [o.n.k.i.DiagnosticsManager] --- STARTED diagnostics for TRANSACTION_RANGE END ---
2018-03-20 05:12:40.775+0000 INFO [o.n.k.i.DiagnosticsManager] --- STARTED diagnostics for KernelDiagnostics:StoreFiles START ---
2018-03-20 05:12:40.775+0000 INFO [o.n.k.i.DiagnosticsManager] Disk space on partition (Total / Free / Free %): 250685575168 / 23447764992 / 9
2018-03-20 05:12:40.775+0000 INFO [o.n.k.i.DiagnosticsManager] Storage files: (filename : modification date - size)
2018-03-20 05:12:40.776+0000 INFO [o.n.k.i.DiagnosticsManager]   index:
2018-03-20 05:12:40.776+0000 INFO [o.n.k.i.DiagnosticsManager]   - Total: 2018-03-19T22:12:39-0700 - 0.00 B
2018-03-20 05:12:40.777+0000 INFO [o.n.k.i.DiagnosticsManager]   neostore: 2018-03-19T22:12:39-0700 - 8.00 kB
2018-03-20 05:12:40.777+0000 INFO [o.n.k.i.DiagnosticsManager]   neostore.counts.db.a: 2018-03-19T22:12:40-0700 - 96.00 B
2018-03-20 05:12:40.777+0000 INFO [o.n.k.i.DiagnosticsManager]   neostore.id: 2018-03-19T22:12:39-0700 - 9.00 B
2018-03-20 05:12:40.778+0000 INFO [o.n.k.i.DiagnosticsManager]   neostore.labelscanstore.db: 2018-03-19T22:12:40-0700 - 40.00 kB
2018-03-20 05:12:40.778+0000 INFO [o.n.k.i.DiagnosticsManager]   neostore.labeltokenstore.db: 2018-03-19T22:12:39-0700 - 0.00 B
2018-03-20 05:12:40.778+0000 INFO [o.n.k.i.DiagnosticsManager]   neostore.labeltokenstore.db.id: 2018-03-19T22:12:39-0700 - 9.00 B
2018-03-20 05:12:40.778+0000 INFO [o.n.k.i.DiagnosticsManager]   neostore.labeltokenstore.db.names: 2018-03-19T22:12:39-0700 - 8.00 kB
2018-03-20 05:12:40.778+0000 INFO [o.n.k.i.DiagnosticsManager]   neostore.labeltokenstore.db.names.id: 2018-03-19T22:12:39-0700 - 9.00 B
2018-03-20 05:12:40.779+0000 INFO [o.n.k.i.DiagnosticsManager]   neostore.nodestore.db: 2018-03-19T22:12:39-0700 - 0.00 B
2018-03-20 05:12:40.779+0000 INFO [o.n.k.i.DiagnosticsManager]   neostore.nodestore.db.id: 2018-03-19T22:12:39-0700 - 9.00 B
2018-03-20 05:12:40.779+0000 INFO [o.n.k.i.DiagnosticsManager]   neostore.nodestore.db.labels: 2018-03-19T22:12:39-0700 - 8.00 kB
2018-03-20 05:12:40.779+0000 INFO [o.n.k.i.DiagnosticsManager]   neostore.nodestore.db.labels.id: 2018-03-19T22:12:39-0700 - 9.00 B
2018-03-20 05:12:40.779+0000 INFO [o.n.k.i.DiagnosticsManager]   neostore.propertystore.db: 2018-03-19T22:12:39-0700 - 0.00 B
2018-03-20 05:12:40.779+0000 INFO [o.n.k.i.DiagnosticsManager]   neostore.propertystore.db.arrays: 2018-03-19T22:12:39-0700 - 8.00 kB
2018-03-20 05:12:40.780+0000 INFO [o.n.k.i.DiagnosticsManager]   neostore.propertystore.db.arrays.id: 2018-03-19T22:12:39-0700 - 9.00 B
2018-03-20 05:12:40.780+0000 INFO [o.n.k.i.DiagnosticsManager]   neostore.propertystore.db.id: 2018-03-19T22:12:39-0700 - 9.00 B
2018-03-20 05:12:40.780+0000 INFO [o.n.k.i.DiagnosticsManager]   neostore.propertystore.db.index: 2018-03-19T22:12:39-0700 - 0.00 B
2018-03-20 05:12:40.780+0000 INFO [o.n.k.i.DiagnosticsManager]   neostore.propertystore.db.index.id: 2018-03-19T22:12:39-0700 - 9.00 B
2018-03-20 05:12:40.780+0000 INFO [o.n.k.i.DiagnosticsManager]   neostore.propertystore.db.index.keys: 2018-03-19T22:12:39-0700 - 8.00 kB
2018-03-20 05:12:40.781+0000 INFO [o.n.k.i.DiagnosticsManager]   neostore.propertystore.db.index.keys.id: 2018-03-19T22:12:39-0700 - 9.00 B
2018-03-20 05:12:40.781+0000 INFO [o.n.k.i.DiagnosticsManager]   neostore.propertystore.db.strings: 2018-03-19T22:12:39-0700 - 8.00 kB
2018-03-20 05:12:40.781+0000 INFO [o.n.k.i.DiagnosticsManager]   neostore.propertystore.db.strings.id: 2018-03-19T22:12:39-0700 - 9.00 B
2018-03-20 05:12:40.782+0000 INFO [o.n.k.i.DiagnosticsManager]   neostore.relationshipgroupstore.db: 2018-03-19T22:12:39-0700 - 8.00 kB
2018-03-20 05:12:40.782+0000 INFO [o.n.k.i.DiagnosticsManager]   neostore.relationshipgroupstore.db.id: 2018-03-19T22:12:39-0700 - 9.00 B
2018-03-20 05:12:40.782+0000 INFO [o.n.k.i.DiagnosticsManager]   neostore.relationshipstore.db: 2018-03-19T22:12:39-0700 - 0.00 B
2018-03-20 05:12:40.782+0000 INFO [o.n.k.i.DiagnosticsManager]   neostore.relationshipstore.db.id: 2018-03-19T22:12:39-0700 - 9.00 B
2018-03-20 05:12:40.782+0000 INFO [o.n.k.i.DiagnosticsManager]   neostore.relationshiptypestore.db: 2018-03-19T22:12:39-0700 - 0.00 B
2018-03-20 05:12:40.783+0000 INFO [o.n.k.i.DiagnosticsManager]   neostore.relationshiptypestore.db.id: 2018-03-19T22:12:39-0700 - 9.00 B
2018-03-20 05:12:40.783+0000 INFO [o.n.k.i.DiagnosticsManager]   neostore.relationshiptypestore.db.names: 2018-03-19T22:12:39-0700 - 8.00 kB
2018-03-20 05:12:40.783+0000 INFO [o.n.k.i.DiagnosticsManager]   neostore.relationshiptypestore.db.names.id: 2018-03-19T22:12:39-0700 - 9.00 B
2018-03-20 05:12:40.783+0000 INFO [o.n.k.i.DiagnosticsManager]   neostore.schemastore.db: 2018-03-19T22:12:39-0700 - 8.00 kB
2018-03-20 05:12:40.783+0000 INFO [o.n.k.i.DiagnosticsManager]   neostore.schemastore.db.id: 2018-03-19T22:12:39-0700 - 9.00 B
2018-03-20 05:12:40.784+0000 INFO [o.n.k.i.DiagnosticsManager]   neostore.transaction.db.0: 2018-03-19T22:12:39-0700 - 16.00 B
2018-03-20 05:12:40.784+0000 INFO [o.n.k.i.DiagnosticsManager]   store_lock: 2018-03-19T22:12:39-0700 - 0.00 B
2018-03-20 05:12:40.784+0000 INFO [o.n.k.i.DiagnosticsManager] Storage summary: 
2018-03-20 05:12:40.784+0000 INFO [o.n.k.i.DiagnosticsManager]   Total size of store: 112.24 kB
2018-03-20 05:12:40.784+0000 INFO [o.n.k.i.DiagnosticsManager]   Total size of mapped files: 112.00 kB
2018-03-20 05:12:40.784+0000 INFO [o.n.k.i.DiagnosticsManager] --- STARTED diagnostics for KernelDiagnostics:StoreFiles END ---
2018-03-20 05:12:43.261+0000 INFO [o.n.k.i.DiagnosticsManager] --- SERVER STARTED START ---
2018-03-20 05:12:44.351+0000 INFO [o.n.k.i.DiagnosticsManager] --- SERVER STARTED END ---
2018-03-20 05:34:00.498+0000 INFO [o.n.k.i.t.l.c.CheckPointerImpl] Check Pointing triggered by scheduler for time threshold [18]:  Starting check pointing...
2018-03-20 05:34:00.504+0000 INFO [o.n.k.i.t.l.c.CheckPointerImpl] Check Pointing triggered by scheduler for time threshold [18]:  Starting store flush...
2018-03-20 05:34:00.510+0000 INFO [o.n.k.i.s.c.CountsTracker] About to rotate counts store at transaction 18 to [/Users/patrick/code/pmhj.xyz/neo4j/data/databases/graph.db/neostore.counts.db.b], from [/Users/patrick/code/pmhj.xyz/neo4j/data/databases/graph.db/neostore.counts.db.a].
2018-03-20 05:34:00.511+0000 INFO [o.n.k.i.s.c.CountsTracker] Successfully rotated counts store at transaction 18 to [/Users/patrick/code/pmhj.xyz/neo4j/data/databases/graph.db/neostore.counts.db.b], from [/Users/patrick/code/pmhj.xyz/neo4j/data/databases/graph.db/neostore.counts.db.a].
2018-03-20 05:34:00.517+0000 INFO [o.n.k.i.t.l.c.CheckPointerImpl] Check Pointing triggered by scheduler for time threshold [18]:  Store flush completed
2018-03-20 05:34:00.517+0000 INFO [o.n.k.i.t.l.c.CheckPointerImpl] Check Pointing triggered by scheduler for time threshold [18]:  Starting appending check point entry into the tx log...
2018-03-20 05:34:00.517+0000 INFO [o.n.k.i.t.l.c.CheckPointerImpl] Check Pointing triggered by scheduler for time threshold [18]:  Appending check point entry into the tx log completed
2018-03-20 05:34:00.517+0000 INFO [o.n.k.i.t.l.c.CheckPointerImpl] Check Pointing triggered by scheduler for time threshold [18]:  Check pointing completed
2018-03-20 05:34:00.517+0000 INFO [o.n.k.i.t.l.p.LogPruningImpl] Log Rotation [0]:  Starting log pruning.
2018-03-20 05:34:00.519+0000 INFO [o.n.k.i.t.l.p.LogPruningImpl] Log Rotation [0]:  Log pruning complete.
2018-03-20 05:51:57.145+0000 INFO [o.n.k.i.f.GraphDatabaseFacadeFactory] Shutdown started
2018-03-20 05:51:57.146+0000 INFO [o.n.k.i.f.GraphDatabaseFacadeFactory] Database is now unavailable
2018-03-20 05:51:57.150+0000 INFO [o.n.k.i.t.l.c.CheckPointerImpl] Check Pointing triggered by database shutdown [18]:  Starting check pointing...
2018-03-20 05:51:57.150+0000 INFO [o.n.k.i.t.l.c.CheckPointerImpl] Check Pointing triggered by database shutdown [18]:  Starting store flush...
2018-03-20 05:51:57.152+0000 INFO [o.n.k.i.t.l.c.CheckPointerImpl] Check Pointing triggered by database shutdown [18]:  Store flush completed
2018-03-20 05:51:57.152+0000 INFO [o.n.k.i.t.l.c.CheckPointerImpl] Check Pointing triggered by database shutdown [18]:  Starting appending check point entry into the tx log...
2018-03-20 05:51:57.152+0000 INFO [o.n.k.i.t.l.c.CheckPointerImpl] Check Pointing triggered by database shutdown [18]:  Appending check point entry into the tx log completed
2018-03-20 05:51:57.153+0000 INFO [o.n.k.i.t.l.c.CheckPointerImpl] Check Pointing triggered by database shutdown [18]:  Check pointing completed
2018-03-20 05:51:57.153+0000 INFO [o.n.k.i.t.l.p.LogPruningImpl] Log Rotation [0]:  Starting log pruning.
2018-03-20 05:51:57.153+0000 INFO [o.n.k.i.t.l.p.LogPruningImpl] Log Rotation [0]:  Log pruning complete.
2018-03-20 05:51:57.170+0000 INFO [o.n.k.i.DiagnosticsManager] --- STOPPING diagnostics START ---
2018-03-20 05:51:57.170+0000 INFO [o.n.k.i.DiagnosticsManager] --- STOPPING diagnostics END ---
